<?xml version="1.0" encoding="UTF-8"?>
<testng-results ignored="0" total="1" passed="1" failed="0" skipped="0">
  <reporter-output>
  </reporter-output>
  <suite started-at="2024-03-21T21:13:59 IST" name="Default suite" finished-at="2024-03-21T21:14:24 IST" duration-ms="24781">
    <groups>
    </groups>
    <test started-at="2024-03-21T21:13:59 IST" name="Default test" finished-at="2024-03-21T21:14:24 IST" duration-ms="24781">
      <class name="Task.Task.NewTest">
        <test-method signature="startBrowser()[pri:0, instance:Task.Task.NewTest@5876a9af]" started-at="2024-03-21T21:13:59 IST" name="startBrowser" finished-at="2024-03-21T21:14:24 IST" duration-ms="24743" status="PASS">
          <reporter-output>
          </reporter-output>
        </test-method> <!-- startBrowser -->
      </class> <!-- Task.Task.NewTest -->
    </test> <!-- Default test -->
  </suite> <!-- Default suite -->
</testng-results>
